C51 COMPILER V9.01   BUTTON                                                                01/04/2021 22:20:21 PAGE 1   


C51 COMPILER V9.01, COMPILATION OF MODULE BUTTON
OBJECT MODULE PLACED IN Button.obj
COMPILER INVOKED BY: D:\App_program\Keil4\keil4\install_location\C51\BIN\C51.EXE HardWare\Button.c BROWSE INCDIR(.\HardW
                    -are;..\LM016L显示时钟和日期) DEBUG OBJECTEXTEND PRINT(.\Button.lst) OBJECT(Button.obj)

line level    source

   1          #include <reg52.h>
   2          #include <intrins.h>
   3          #include "Data.h"
   4          #include "Timer.h"
   5          #include "Button.h"
   6          
   7          
   8          
   9          //定义按键按下的次数，不同次数选择不同设置
  10          char button_num1 = 0;   //判断选则时分秒
  11          char button_num2 = 0;   //判断切换时间/日期     
  12          char button_flag = 0x00;        //按键选择位标志，
  13          
  14          
  15          /***********************************************************
  16          *函数名         ：KeyScan
  17          *功能           : 按键扫描，返回按下的按键对应的位，并防止连按
  18          *返回值         ：返回按键按下的位置
  19          *参数           ：无
  20          ************************************************************/
  21          char KeyScan() 
  22          {
  23   1              static unsigned char klast = 0;   //记录上一次的按键值
  24   1              unsigned char trg = 0,key = 0;            //trg:得到的返回值，返回值中8位只有一位为1，为1的位代表按下的位，其余位
             -为零
  25   1              key = P2 & 0xF0;                                  //将按下的位转换为0 没按下的位依然为1
  26   1              key ^= 0xF0;                                      //异或之后没按下的位转换为1，按下的位转换为0
  27   1              trg = key & (key ^ klast);                //这句是最关键的一句，需要自己理解
  28   1              klast = key;
  29   1      
  30   1              button_flag = trg;
  31   1      
  32   1              return trg;                                                     //最终返回值是按下哪个按键，返回值对应就是1，没按对应的就是0  eg:按下button3 则返回0x
             -01 0000 0100
  33   1      }
  34          
  35          
  36          
  37          /*******************************************************************************
  38          * 函 数 名         : button_setting
  39          * 函数功能                 : 选择要设置的时哪一位
  40          * 参数                     ：无
  41          *******************************************************************************/
  42          void button_setting()
  43          {
  44   1              if((button_flag & 0xf0) == 0x10 )               //里面不加括号不行 
  45   1              {
  46   2                      button_num1++;  //选择设置不同位（时 分 秒）
  47   2                      if(button_num1 == 4)
  48   2                      {
  49   3                              button_num1 = 0;
  50   3                      }       
  51   2              }
  52   1      }
C51 COMPILER V9.01   BUTTON                                                                01/04/2021 22:20:21 PAGE 2   

  53          
  54          /*******************************************************************************
  55          * 函 数 名         : button_up_down
  56          * 函数功能                 : 时间加/减 按键逻辑处理
  57          * 参数                     ：无
  58          *******************************************************************************/
  59          void button_up_down()
  60          {
  61   1              if((button_flag & 0xf0) == 0x20)        //上被按中      
  62   1              {
  63   2                      switch(button_num1)     //button_num1 1：时/年   2：分/月   3：秒/日
  64   2                      {
  65   3                              case 0: break;
  66   3                              case 1: //年/时 
  67   3                              if(button_num2 == 0)    // button_num2 0 时间 1日期
  68   3                              {
  69   4                                      num3++;
  70   4                              } 
  71   3                              else
  72   3                              {
  73   4                                      year2++;
  74   4                                      if(year2>=100)
  75   4                                      {
  76   5                                              year2=0;
  77   5                                              year1++;
  78   5                                              if(year1>=100)
  79   5                                              {
  80   6                                                      year1=0;
  81   6                                                      year2=1;
  82   6                                              }
  83   5      
  84   5                                      }
  85   4                              }
  86   3                               break;                 
  87   3                              case 2: //月/分
  88   3      
  89   3                              if(button_num2 == 0)
  90   3                              {
  91   4                                      num2++;
  92   4                              } 
  93   3                              else
  94   3                              {
  95   4                                      month++;
  96   4                              }
  97   3                               break;         
  98   3                              case 3: //日秒
  99   3                               if(button_num2 == 0)
 100   3                              {
 101   4                                      num1++;
 102   4                              } 
 103   3                              else
 104   3                              {
 105   4                                      day++;
 106   4                                      weekday++;
 107   4                              }
 108   3                               break;         
 109   3                              default: break; 
 110   3                      }
 111   2                      if(num3 == 24) num3 = 0;        //时间和日期超出归零处理                        
 112   2                      if(num2 == 60) num2 = 0;
 113   2                      if(num1 == 60) num1 = 0;
 114   2      //              if(year == 100) year = 0;
C51 COMPILER V9.01   BUTTON                                                                01/04/2021 22:20:21 PAGE 3   

 115   2                      if(month == 13 ) month = 1;
 116   2                      if(day == 31) day = 1;
 117   2                      if(weekday==8) weekday=1;
 118   2                      
 119   2              }
 120   1      
 121   1              if((button_flag & 0xf0) == 0x40)
 122   1              {
 123   2                      switch(button_num1)
 124   2                      {
 125   3                              case 0:         break;
 126   3                              case 1:
 127   3      //                      delay_us(10); while(~button3);     //等待按键释放       时加一                  //不需要这么写了
 128   3                              if(button_num2 == 0)
 129   3                              {
 130   4                                      num3--;
 131   4                              } 
 132   3                              else
 133   3                              {
 134   4                                      year2--;
 135   4                                      if(year2<=-1)
 136   4                                      {
 137   5                                              year2=99;
 138   5                                              year1--;
 139   5                                              if(year1<=-1)
 140   5                                              {
 141   6                                                      year1=99;
 142   6                                              }
 143   5      
 144   5                                      }
 145   4                              }
 146   3                               break;                 
 147   3                              case 2: 
 148   3                              if(button_num2 == 0)
 149   3                              {
 150   4                                      num2--;
 151   4                              } 
 152   3                              else
 153   3                              {
 154   4                                      month--;
 155   4                              }
 156   3                               break;         
 157   3                              case 3: 
 158   3                               if(button_num2 == 0)
 159   3                              {
 160   4                                      num1--;
 161   4                              } 
 162   3                              else
 163   3                              {
 164   4                                      day--;
 165   4                                      weekday--;
 166   4                              }
 167   3                               break; 
 168   3                              default: break;
 169   3                      }
 170   2                      if(num3 == -1) num3 = 23;       //时间和日期减到低循环减
 171   2                      if(num2 == -1) num2 = 59;
 172   2                      if(num1 == -1) num1 = 59;
 173   2      //              if(year == -1) year = 99;
 174   2                      if(month == 0 ) month = 12;
 175   2                      if(day == 0) day = 30;
 176   2                      if(weekday==0) weekday=7;
C51 COMPILER V9.01   BUTTON                                                                01/04/2021 22:20:21 PAGE 4   

 177   2              }
 178   1      }
 179          
 180          /*******************************************************************************
 181          * 函 数 名         : ButtonSwitchDT
 182          * 函数功能                 : 时间/日期 设置方案切换
 183          * 参数                     ：无
 184          *******************************************************************************/
 185          void ButtonSwitchDT()
 186          {
 187   1               if((button_flag & 0xf0) == 0x80)
 188   1              {
 189   2                      button_num2++;
 190   2                      if(button_num2>=2)
 191   2                      {
 192   3                              button_num2=0;
 193   3                      }
 194   2              }
 195   1      }
 196          
 197                                                                                                                                    


MODULE INFORMATION:   STATIC OVERLAYABLE
   CODE SIZE        =    487    ----
   CONSTANT SIZE    =   ----    ----
   XDATA SIZE       =   ----    ----
   PDATA SIZE       =   ----    ----
   DATA SIZE        =      4    ----
   IDATA SIZE       =   ----    ----
   BIT SIZE         =   ----    ----
END OF MODULE INFORMATION.


C51 COMPILATION COMPLETE.  0 WARNING(S),  0 ERROR(S)
