C51 COMPILER V9.01   LM1602                                                                12/31/2020 11:25:09 PAGE 1   


C51 COMPILER V9.01, COMPILATION OF MODULE LM1602
OBJECT MODULE PLACED IN LM1602.obj
COMPILER INVOKED BY: D:\App_program\Keil4\keil4\install_location\C51\BIN\C51.EXE HardWare\LM1602.c BROWSE INCDIR(.\HardW
                    -are) DEBUG OBJECTEXTEND PRINT(.\LM1602.lst) OBJECT(LM1602.obj)

line level    source

   1          #include "LM1602.h"
   2          //#include "reg52.h"
   3          #include "main.h"
   4          
   5          
   6          /*****************************************************
   7          函数功能：将模式设置指令或显示地址写入液晶模块
   8          入口参数： dictate
   9          ***************************************************/
  10          void WriteInstruction(unsigned char dictate)
  11          {
  12   1              while(BusyTest()==1);
*** WARNING C206 IN LINE 12 OF HARDWARE\LM1602.C: 'BusyTest': missing function-prototype
  13   1              RS=0;
*** ERROR C202 IN LINE 13 OF HARDWARE\LM1602.C: 'RS': undefined identifier
  14   1              RW=0;
*** ERROR C202 IN LINE 14 OF HARDWARE\LM1602.C: 'RW': undefined identifier
  15   1              E=0;
*** ERROR C202 IN LINE 15 OF HARDWARE\LM1602.C: 'E': undefined identifier
  16   1              _nop_();
  17   1        _nop_();
  18   1              P0=dictate;
  19   1              _nop_();
  20   1        _nop_();
  21   1        _nop_();
  22   1        _nop_(); // 空操作四个机器周期，给硬件反应时间
  23   1        E=1;
  24   1              _nop_();
  25   1        _nop_();
  26   1        _nop_();
  27   1        _nop_(); // 空操作四个机器周期，给硬件反应时间
  28   1        E=0;
  29   1      }
  30          
  31          /*****************************************************
  32          函数功能：对 LCD的显示模式进行初始化设置
  33          ***************************************************/
  34          void LcdInitiate(void)
  35          {
  36   1              delaynms(15); // 延时 15ms，首次写指令时应给 LCD一段较长的反应时间
  37   1              WriteInstruction(0x38); // 显示模式设置： 16×2 显示， 5×7 点阵， 8 位数据接口
  38   1              delaynms(5); // 延时 5ms ，给硬件一点反应时间
  39   1              WriteInstruction(0x38);
  40   1              delaynms(5); // 延时 5ms ，给硬件一点反应时间
  41   1              WriteInstruction(0x38); // 连续三次，确保初始化成功
  42   1              delaynms(5); // 延时 5ms ，给硬件一点反应时间
  43   1              WriteInstruction(0x0c); // 显示模式设置：显示开，无光标，光标不闪烁
  44   1              delaynms(5); // 延时 5ms ，给硬件一点反应时间
  45   1              WriteInstruction(0x06); // 显示模式设置：光标右移，字符不移
  46   1              delaynms(5); // 延时 5ms ，给硬件一点反应时间
  47   1              WriteInstruction(0x01); // 清屏幕指令，将以前的显示内容清除
  48   1              delaynms(5); // 延时 5ms ，给硬件一点反应时间
  49   1      }

C51 COMPILATION COMPLETE.  1 WARNING(S),  3 ERROR(S)
