C51 COMPILER V9.01   MAIN                                                                  01/04/2021 22:20:20 PAGE 1   


C51 COMPILER V9.01, COMPILATION OF MODULE MAIN
OBJECT MODULE PLACED IN main.OBJ
COMPILER INVOKED BY: D:\App_program\Keil4\keil4\install_location\C51\BIN\C51.EXE main.c BROWSE INCDIR(.\HardWare;..\LM01
                    -6L显示时钟和日期) DEBUG OBJECTEXTEND

line level    source

   1          #include <reg52.h>
   2          #include "LM016L.h"
   3          #include "Timer.h"
   4          #include "Data.h"
   5          #include "Button.h"
   6          #include "temp.h"
   7          
   8          /*******************************************************************************
   9          * 函 数 名       : main
  10          * 函数功能               : 主函数 程序入口
  11          * 参数                   ：无
  12          *******************************************************************************/
  13          void main()
  14          {
  15   1              LcdInitiate();  //液晶屏初始化
  16   1              TimerInit();    //定时器初始化
  17   1      //      Ds18b20Init();  //温度传感器初始化      
  18   1              while(1)
  19   1              {
  20   2                       KeyScan();
  21   2                       button_setting();
  22   2                       button_up_down();
  23   2                       ButtonSwitchDT();
  24   2      
  25   2                       TimerShow();
  26   2                       DataShow();
  27   2                       Lcd_Tem_Display(Ds18b20ReadTemp());
  28   2      
  29   2      //               ShowTemperature();
  30   2      //               CgramWrite();
  31   2              }       
  32   1      }
  33          


MODULE INFORMATION:   STATIC OVERLAYABLE
   CODE SIZE        =     32    ----
   CONSTANT SIZE    =   ----    ----
   XDATA SIZE       =   ----    ----
   PDATA SIZE       =   ----    ----
   DATA SIZE        =   ----    ----
   IDATA SIZE       =   ----    ----
   BIT SIZE         =   ----    ----
END OF MODULE INFORMATION.


C51 COMPILATION COMPLETE.  0 WARNING(S),  0 ERROR(S)
